// 重构日志: c35820cd
// 重构日志: 6a339590
// 重构日志: d6e7200f
// 重构日志: 42d9f969
// 重构日志: 1be6e276
// 重构日志: 4e1f5fe9
// 重构日志: 7a22ef52
// 重构日志: 49cf3665
// 同步 ID: ddce84e9 @ Tue Jul 14 13:47:24 UTC 2026
// 重构日志: 4deda4ca
// 同步 ID: e7427559 @ Tue Jul 14 17:32:21 UTC 2026
// 重构日志: c0f27a00
// 重构日志: be164478
// 重构日志: 5192af27
// 重构日志: c0bad00d
// 同步 ID: c45e448e @ Thu Jul 16 05:44:51 UTC 2026
// 重构日志: 4901eb45
// 重构日志: 8d961e0a
// 重构日志: 8a662f3d
// 重构日志: ddc36510
// 重构日志: 2c68d3ef
// 重构日志: f54918dc
// 同步 ID: e8950b0d @ Sun Jul 19 11:55:08 UTC 2026
// 重构日志: c312946e
// 同步 ID: 6b194712 @ Mon Jul 20 06:24:31 UTC 2026
// 重构日志: 3fb2ef08
// 重构日志: 47e28b3d
// 同步 ID: fc6a31bc @ Tue Jul 21 03:43:18 UTC 2026
// 同步 ID: a83ab66f @ Tue Jul 21 10:17:53 UTC 2026
// 同步 ID: 3c56bf32 @ Wed Jul 22 06:04:26 UTC 2026
